# JRE version: Java(TM) SE Runtime Environment (8.0_221-b11) (build 1.8.0_221-b11)
# Java VM: Java HotSpot(TM) 64-Bit Server VM (25.221-b11 mixed mode windows-amd64 compressed oops)
Heap:
 PSYoungGen      total 394240K, used 175055K [0x000000076b380000, 0x000000078ba00000, 0x00000007c0000000)
  eden space 368128K, 47% used [0x000000076b380000,0x0000000775e2dc10,0x0000000781b00000)
  from space 26112K, 1% used [0x0000000781b00000,0x0000000781b46020,0x0000000783480000)
  to   space 25600K, 0% used [0x000000078a100000,0x000000078a100000,0x000000078ba00000)
 ParOldGen       total 126464K, used 83207K [0x00000006c1a00000, 0x00000006c9580000, 0x000000076b380000)
  object space 126464K, 65% used [0x00000006c1a00000,0x00000006c6b41f40,0x00000006c9580000)
 Metaspace       used 25480K, capacity 26362K, committed 26496K, reserved 1073152K
  class space    used 3196K, capacity 3417K, committed 3456K, reserved 1048576K
GC Heap History (10 events):
Event: 9.467 GC heap before
{Heap before GC invocations=8 (full 1):
 PSYoungGen      total 180736K, used 177637K [0x000000076b380000, 0x0000000779080000, 0x00000007c0000000)
  eden space 171008K, 98% used [0x000000076b380000,0x000000077577a300,0x0000000775a80000)
  from space 9728K, 99% used [0x0000000777180000,0x0000000777aff4d8,0x0000000777b00000)
  to   space 23552K, 0% used [0x0000000775a80000,0x0000000775a80000,0x0000000777180000)
 ParOldGen       total 126464K, used 28310K [0x00000006c1a00000, 0x00000006c9580000, 0x000000076b380000)
  object space 126464K, 22% used [0x00000006c1a00000,0x00000006c35a5bc8,0x00000006c9580000)
 Metaspace       used 24624K, capacity 25522K, committed 25728K, reserved 1071104K
  class space    used 3164K, capacity 3399K, committed 3456K, reserved 1048576K
Event: 9.476 GC heap after
Heap after GC invocations=8 (full 1):
 PSYoungGen      total 194560K, used 17287K [0x000000076b380000, 0x000000077f400000, 0x00000007c0000000)
  eden space 171008K, 0% used [0x000000076b380000,0x000000076b380000,0x0000000775a80000)
  from space 23552K, 73% used [0x0000000775a80000,0x0000000776b61c60,0x0000000777180000)
  to   space 26112K, 0% used [0x000000077da80000,0x000000077da80000,0x000000077f400000)
 ParOldGen       total 126464K, used 28481K [0x00000006c1a00000, 0x00000006c9580000, 0x000000076b380000)
  object space 126464K, 22% used [0x00000006c1a00000,0x00000006c35d0600,0x00000006c9580000)
 Metaspace       used 24624K, capacity 25522K, committed 25728K, reserved 1071104K
  class space    used 3164K, capacity 3399K, committed 3456K, reserved 1048576K
}
Event: 9.852 GC heap before
{Heap before GC invocations=9 (full 1):
 PSYoungGen      total 194560K, used 183149K [0x000000076b380000, 0x000000077f400000, 0x00000007c0000000)
  eden space 171008K, 96% used [0x000000076b380000,0x0000000775579af0,0x0000000775a80000)
  from space 23552K, 73% used [0x0000000775a80000,0x0000000776b61c60,0x0000000777180000)
  to   space 26112K, 0% used [0x000000077da80000,0x000000077da80000,0x000000077f400000)
 ParOldGen       total 126464K, used 34242K [0x00000006c1a00000, 0x00000006c9580000, 0x000000076b380000)
  object space 126464K, 27% used [0x00000006c1a00000,0x00000006c3b708b8,0x00000006c9580000)
 Metaspace       used 24677K, capacity 25586K, committed 25728K, reserved 1071104K
  class space    used 3164K, capacity 3399K, committed 3456K, reserved 1048576K
Event: 9.861 GC heap after
Heap after GC invocations=9 (full 1):
 PSYoungGen      total 300032K, used 17303K [0x000000076b380000, 0x000000077f980000, 0x00000007c0000000)
  eden space 273920K, 0% used [0x000000076b380000,0x000000076b380000,0x000000077bf00000)
  from space 26112K, 66% used [0x000000077da80000,0x000000077eb65e90,0x000000077f400000)
  to   space 28160K, 0% used [0x000000077bf00000,0x000000077bf00000,0x000000077da80000)
 ParOldGen       total 126464K, used 34250K [0x00000006c1a00000, 0x00000006c9580000, 0x000000076b380000)
  object space 126464K, 27% used [0x00000006c1a00000,0x00000006c3b728b8,0x00000006c9580000)
 Metaspace       used 24677K, capacity 25586K, committed 25728K, reserved 1071104K
  class space    used 3164K, capacity 3399K, committed 3456K, reserved 1048576K
}
Event: 10.466 GC heap before
{Heap before GC invocations=10 (full 1):
 PSYoungGen      total 300032K, used 291223K [0x000000076b380000, 0x000000077f980000, 0x00000007c0000000)
  eden space 273920K, 100% used [0x000000076b380000,0x000000077bf00000,0x000000077bf00000)
  from space 26112K, 66% used [0x000000077da80000,0x000000077eb65e90,0x000000077f400000)
  to   space 28160K, 0% used [0x000000077bf00000,0x000000077bf00000,0x000000077da80000)
 ParOldGen       total 126464K, used 48799K [0x00000006c1a00000, 0x00000006c9580000, 0x000000076b380000)
  object space 126464K, 38% used [0x00000006c1a00000,0x00000006c49a7de0,0x00000006c9580000)
 Metaspace       used 24719K, capacity 25650K, committed 25728K, reserved 1071104K
  class space    used 3164K, capacity 3399K, committed 3456K, reserved 1048576K
Event: 10.474 GC heap after
Heap after GC invocations=10 (full 1):
 PSYoungGen      total 302080K, used 7698K [0x000000076b380000, 0x0000000785380000, 0x00000007c0000000)
  eden space 273920K, 0% used [0x000000076b380000,0x000000076b380000,0x000000077bf00000)
  from space 28160K, 27% used [0x000000077bf00000,0x000000077c684810,0x000000077da80000)
  to   space 26112K, 0% used [0x0000000783a00000,0x0000000783a00000,0x0000000785380000)
 ParOldGen       total 126464K, used 58191K [0x00000006c1a00000, 0x00000006c9580000, 0x000000076b380000)
  object space 126464K, 46% used [0x00000006c1a00000,0x00000006c52d3e68,0x00000006c9580000)
 Metaspace       used 24719K, capacity 25650K, committed 25728K, reserved 1071104K
  class space    used 3164K, capacity 3399K, committed 3456K, reserved 1048576K
}
Event: 11.016 GC heap before
{Heap before GC invocations=11 (full 1):
 PSYoungGen      total 302080K, used 281618K [0x000000076b380000, 0x0000000785380000, 0x00000007c0000000)
  eden space 273920K, 100% used [0x000000076b380000,0x000000077bf00000,0x000000077bf00000)
  from space 28160K, 27% used [0x000000077bf00000,0x000000077c684810,0x000000077da80000)
  to   space 26112K, 0% used [0x0000000783a00000,0x0000000783a00000,0x0000000785380000)
 ParOldGen       total 126464K, used 72198K [0x00000006c1a00000, 0x00000006c9580000, 0x000000076b380000)
  object space 126464K, 57% used [0x00000006c1a00000,0x00000006c6081a98,0x00000006c9580000)
 Metaspace       used 24810K, capacity 25778K, committed 25984K, reserved 1071104K
  class space    used 3164K, capacity 3399K, committed 3456K, reserved 1048576K
Event: 11.020 GC heap after
Heap after GC invocations=11 (full 1):
 PSYoungGen      total 388608K, used 1462K [0x000000076b380000, 0x0000000784e00000, 0x00000007c0000000)
  eden space 368128K, 0% used [0x000000076b380000,0x000000076b380000,0x0000000781b00000)
  from space 20480K, 7% used [0x0000000783a00000,0x0000000783b6d968,0x0000000784e00000)
  to   space 26112K, 0% used [0x0000000781b00000,0x0000000781b00000,0x0000000783480000)
 ParOldGen       total 126464K, used 81889K [0x00000006c1a00000, 0x00000006c9580000, 0x000000076b380000)
  object space 126464K, 64% used [0x00000006c1a00000,0x00000006c69f85d8,0x00000006c9580000)
 Metaspace       used 24810K, capacity 25778K, committed 25984K, reserved 1071104K
  class space    used 3164K, capacity 3399K, committed 3456K, reserved 1048576K
}
Event: 17.443 GC heap before
{Heap before GC invocations=12 (full 1):
 PSYoungGen      total 388608K, used 363928K [0x000000076b380000, 0x0000000784e00000, 0x00000007c0000000)
  eden space 368128K, 98% used [0x000000076b380000,0x0000000781578870,0x0000000781b00000)
  from space 20480K, 7% used [0x0000000783a00000,0x0000000783b6d968,0x0000000784e00000)
  to   space 26112K, 0% used [0x0000000781b00000,0x0000000781b00000,0x0000000783480000)
 ParOldGen       total 126464K, used 81889K [0x00000006c1a00000, 0x00000006c9580000, 0x000000076b380000)
  object space 126464K, 64% used [0x00000006c1a00000,0x00000006c69f85d8,0x00000006c9580000)
 Metaspace       used 24968K, capacity 25926K, committed 25984K, reserved 1071104K
  class space    used 3169K, capacity 3401K, committed 3456K, reserved 1048576K
Event: 17.446 GC heap after
Heap after GC invocations=12 (full 1):
 PSYoungGen      total 394240K, used 280K [0x000000076b380000, 0x000000078ba00000, 0x00000007c0000000)
  eden space 368128K, 0% used [0x000000076b380000,0x000000076b380000,0x0000000781b00000)
  from space 26112K, 1% used [0x0000000781b00000,0x0000000781b46020,0x0000000783480000)
  to   space 25600K, 0% used [0x000000078a100000,0x000000078a100000,0x000000078ba00000)
 ParOldGen       total 126464K, used 83207K [0x00000006c1a00000, 0x00000006c9580000, 0x000000076b380000)
  object space 126464K, 65% used [0x00000006c1a00000,0x00000006c6b41f40,0x00000006c9580000)
 Metaspace       used 24968K, capacity 25926K, committed 25984K, reserved 1071104K
  class space    used 3169K, capacity 3401K, committed 3456K, reserved 1048576K
}

