# JRE version: Java(TM) SE Runtime Environment (8.0_221-b11) (build 1.8.0_221-b11)
# Java VM: Java HotSpot(TM) 64-Bit Server VM (25.221-b11 mixed mode windows-amd64 compressed oops)
Heap:
 PSYoungGen      total 191488K, used 113127K [0x000000076b380000, 0x0000000779c00000, 0x00000007c0000000)
  eden space 181760K, 56% used [0x000000076b380000,0x000000077187d520,0x0000000776500000)
  from space 9728K, 99% used [0x0000000777c00000,0x000000077857ca68,0x0000000778580000)
  to   space 23552K, 0% used [0x0000000776500000,0x0000000776500000,0x0000000777c00000)
 ParOldGen       total 125952K, used 28005K [0x00000006c1a00000, 0x00000006c9500000, 0x000000076b380000)
  object space 125952K, 22% used [0x00000006c1a00000,0x00000006c3559718,0x00000006c9500000)
 Metaspace       used 24959K, capacity 25846K, committed 25984K, reserved 1071104K
  class space    used 3190K, capacity 3417K, committed 3456K, reserved 1048576K
GC Heap History (10 events):
Event: 5.554 GC heap before
{Heap before GC invocations=3 (full 1):
 PSYoungGen      total 76288K, used 65515K [0x000000076b380000, 0x0000000770880000, 0x00000007c0000000)
  eden space 65536K, 99% used [0x000000076b380000,0x000000076f37ad80,0x000000076f380000)
  from space 10752K, 0% used [0x000000076f380000,0x000000076f380000,0x000000076fe00000)
  to   space 10752K, 0% used [0x000000076fe00000,0x000000076fe00000,0x0000000770880000)
 ParOldGen       total 125952K, used 8704K [0x00000006c1a00000, 0x00000006c9500000, 0x000000076b380000)
  object space 125952K, 6% used [0x00000006c1a00000,0x00000006c2280118,0x00000006c9500000)
 Metaspace       used 20677K, capacity 21450K, committed 21632K, reserved 1069056K
  class space    used 2725K, capacity 2917K, committed 2944K, reserved 1048576K
Event: 5.556 GC heap after
Heap after GC invocations=3 (full 1):
 PSYoungGen      total 76288K, used 345K [0x000000076b380000, 0x0000000772a80000, 0x00000007c0000000)
  eden space 65536K, 0% used [0x000000076b380000,0x000000076b380000,0x000000076f380000)
  from space 10752K, 3% used [0x000000076fe00000,0x000000076fe56478,0x0000000770880000)
  to   space 10752K, 0% used [0x000000076f380000,0x000000076f380000,0x000000076fe00000)
 ParOldGen       total 125952K, used 8712K [0x00000006c1a00000, 0x00000006c9500000, 0x000000076b380000)
  object space 125952K, 6% used [0x00000006c1a00000,0x00000006c2282118,0x00000006c9500000)
 Metaspace       used 20677K, capacity 21450K, committed 21632K, reserved 1069056K
  class space    used 2725K, capacity 2917K, committed 2944K, reserved 1048576K
}
Event: 5.576 GC heap before
{Heap before GC invocations=4 (full 1):
 PSYoungGen      total 76288K, used 65828K [0x000000076b380000, 0x0000000772a80000, 0x00000007c0000000)
  eden space 65536K, 99% used [0x000000076b380000,0x000000076f372b88,0x000000076f380000)
  from space 10752K, 3% used [0x000000076fe00000,0x000000076fe56478,0x0000000770880000)
  to   space 10752K, 0% used [0x000000076f380000,0x000000076f380000,0x000000076fe00000)
 ParOldGen       total 125952K, used 8712K [0x00000006c1a00000, 0x00000006c9500000, 0x000000076b380000)
  object space 125952K, 6% used [0x00000006c1a00000,0x00000006c2282118,0x00000006c9500000)
 Metaspace       used 20677K, capacity 21450K, committed 21632K, reserved 1069056K
  class space    used 2725K, capacity 2917K, committed 2944K, reserved 1048576K
Event: 5.577 GC heap after
Heap after GC invocations=4 (full 1):
 PSYoungGen      total 76288K, used 466K [0x000000076b380000, 0x0000000773680000, 0x00000007c0000000)
  eden space 65536K, 0% used [0x000000076b380000,0x000000076b380000,0x000000076f380000)
  from space 10752K, 4% used [0x000000076f380000,0x000000076f3f4930,0x000000076fe00000)
  to   space 10752K, 0% used [0x0000000772c00000,0x0000000772c00000,0x0000000773680000)
 ParOldGen       total 125952K, used 8712K [0x00000006c1a00000, 0x00000006c9500000, 0x000000076b380000)
  object space 125952K, 6% used [0x00000006c1a00000,0x00000006c2282118,0x00000006c9500000)
 Metaspace       used 20677K, capacity 21450K, committed 21632K, reserved 1069056K
  class space    used 2725K, capacity 2917K, committed 2944K, reserved 1048576K
}
Event: 5.594 GC heap before
{Heap before GC invocations=5 (full 1):
 PSYoungGen      total 76288K, used 65995K [0x000000076b380000, 0x0000000773680000, 0x00000007c0000000)
  eden space 65536K, 99% used [0x000000076b380000,0x000000076f37e698,0x000000076f380000)
  from space 10752K, 4% used [0x000000076f380000,0x000000076f3f4930,0x000000076fe00000)
  to   space 10752K, 0% used [0x0000000772c00000,0x0000000772c00000,0x0000000773680000)
 ParOldGen       total 125952K, used 8712K [0x00000006c1a00000, 0x00000006c9500000, 0x000000076b380000)
  object space 125952K, 6% used [0x00000006c1a00000,0x00000006c2282118,0x00000006c9500000)
 Metaspace       used 20677K, capacity 21450K, committed 21632K, reserved 1069056K
  class space    used 2725K, capacity 2917K, committed 2944K, reserved 1048576K
Event: 5.595 GC heap after
Heap after GC invocations=5 (full 1):
 PSYoungGen      total 123392K, used 662K [0x000000076b380000, 0x0000000773a00000, 0x00000007c0000000)
  eden space 112640K, 0% used [0x000000076b380000,0x000000076b380000,0x0000000772180000)
  from space 10752K, 6% used [0x0000000772c00000,0x0000000772ca5b08,0x0000000773680000)
  to   space 10752K, 0% used [0x0000000772180000,0x0000000772180000,0x0000000772c00000)
 ParOldGen       total 125952K, used 8712K [0x00000006c1a00000, 0x00000006c9500000, 0x000000076b380000)
  object space 125952K, 6% used [0x00000006c1a00000,0x00000006c2282118,0x00000006c9500000)
 Metaspace       used 20677K, capacity 21450K, committed 21632K, reserved 1069056K
  class space    used 2725K, capacity 2917K, committed 2944K, reserved 1048576K
}
Event: 6.591 GC heap before
{Heap before GC invocations=6 (full 1):
 PSYoungGen      total 123392K, used 113302K [0x000000076b380000, 0x0000000773a00000, 0x00000007c0000000)
  eden space 112640K, 100% used [0x000000076b380000,0x0000000772180000,0x0000000772180000)
  from space 10752K, 6% used [0x0000000772c00000,0x0000000772ca5b08,0x0000000773680000)
  to   space 10752K, 0% used [0x0000000772180000,0x0000000772180000,0x0000000772c00000)
 ParOldGen       total 125952K, used 8712K [0x00000006c1a00000, 0x00000006c9500000, 0x000000076b380000)
  object space 125952K, 6% used [0x00000006c1a00000,0x00000006c2282118,0x00000006c9500000)
 Metaspace       used 22987K, capacity 23866K, committed 24064K, reserved 1071104K
  class space    used 3041K, capacity 3275K, committed 3328K, reserved 1048576K
Event: 6.601 GC heap after
Heap after GC invocations=6 (full 1):
 PSYoungGen      total 123392K, used 4764K [0x000000076b380000, 0x0000000778580000, 0x00000007c0000000)
  eden space 112640K, 0% used [0x000000076b380000,0x000000076b380000,0x0000000772180000)
  from space 10752K, 44% used [0x0000000772180000,0x0000000772627178,0x0000000772c00000)
  to   space 9728K, 0% used [0x0000000777c00000,0x0000000777c00000,0x0000000778580000)
 ParOldGen       total 125952K, used 8720K [0x00000006c1a00000, 0x00000006c9500000, 0x000000076b380000)
  object space 125952K, 6% used [0x00000006c1a00000,0x00000006c2284118,0x00000006c9500000)
 Metaspace       used 22987K, capacity 23866K, committed 24064K, reserved 1071104K
  class space    used 3041K, capacity 3275K, committed 3328K, reserved 1048576K
}
Event: 8.901 GC heap before
{Heap before GC invocations=7 (full 1):
 PSYoungGen      total 123392K, used 114853K [0x000000076b380000, 0x0000000778580000, 0x00000007c0000000)
  eden space 112640K, 97% used [0x000000076b380000,0x0000000771f024e8,0x0000000772180000)
  from space 10752K, 44% used [0x0000000772180000,0x0000000772627178,0x0000000772c00000)
  to   space 9728K, 0% used [0x0000000777c00000,0x0000000777c00000,0x0000000778580000)
 ParOldGen       total 125952K, used 8720K [0x00000006c1a00000, 0x00000006c9500000, 0x000000076b380000)
  object space 125952K, 6% used [0x00000006c1a00000,0x00000006c2284118,0x00000006c9500000)
 Metaspace       used 23835K, capacity 24742K, committed 24832K, reserved 1071104K
  class space    used 3067K, capacity 3293K, committed 3328K, reserved 1048576K
Event: 8.915 GC heap after
Heap after GC invocations=7 (full 1):
 PSYoungGen      total 191488K, used 9714K [0x000000076b380000, 0x0000000779c00000, 0x00000007c0000000)
  eden space 181760K, 0% used [0x000000076b380000,0x000000076b380000,0x0000000776500000)
  from space 9728K, 99% used [0x0000000777c00000,0x000000077857ca68,0x0000000778580000)
  to   space 23552K, 0% used [0x0000000776500000,0x0000000776500000,0x0000000777c00000)
 ParOldGen       total 125952K, used 28005K [0x00000006c1a00000, 0x00000006c9500000, 0x000000076b380000)
  object space 125952K, 22% used [0x00000006c1a00000,0x00000006c3559718,0x00000006c9500000)
 Metaspace       used 23835K, capacity 24742K, committed 24832K, reserved 1071104K
  class space    used 3067K, capacity 3293K, committed 3328K, reserved 1048576K
}

