# JRE version: Java(TM) SE Runtime Environment (8.0_221-b11) (build 1.8.0_221-b11)
# Java VM: Java HotSpot(TM) 64-Bit Server VM (25.221-b11 mixed mode windows-amd64 compressed oops)
Heap:
 PSYoungGen      total 124928K, used 88509K [0x000000076b380000, 0x0000000773c00000, 0x00000007c0000000)
  eden space 114176K, 76% used [0x000000076b380000,0x00000007709139a0,0x0000000772300000)
  from space 10752K, 8% used [0x0000000772d80000,0x0000000772e5baa0,0x0000000773800000)
  to   space 10752K, 0% used [0x0000000772300000,0x0000000772300000,0x0000000772d80000)
 ParOldGen       total 125440K, used 7536K [0x00000006c1a00000, 0x00000006c9480000, 0x000000076b380000)
  object space 125440K, 6% used [0x00000006c1a00000,0x00000006c215c148,0x00000006c9480000)
 Metaspace       used 23742K, capacity 24604K, committed 24704K, reserved 1071104K
  class space    used 3127K, capacity 3372K, committed 3456K, reserved 1048576K
GC Heap History (10 events):
Event: 4.767 GC heap before
{Heap before GC invocations=1 (full 0):
 PSYoungGen      total 76288K, used 54247K [0x000000076b380000, 0x0000000770880000, 0x00000007c0000000)
  eden space 65536K, 82% used [0x000000076b380000,0x000000076e879e88,0x000000076f380000)
  from space 10752K, 0% used [0x000000076fe00000,0x000000076fe00000,0x0000000770880000)
  to   space 10752K, 0% used [0x000000076f380000,0x000000076f380000,0x000000076fe00000)
 ParOldGen       total 175104K, used 0K [0x00000006c1a00000, 0x00000006cc500000, 0x000000076b380000)
  object space 175104K, 0% used [0x00000006c1a00000,0x00000006c1a00000,0x00000006cc500000)
 Metaspace       used 20572K, capacity 21238K, committed 21296K, reserved 1067008K
  class space    used 2717K, capacity 2887K, committed 2944K, reserved 1048576K
Event: 4.780 GC heap after
Heap after GC invocations=1 (full 0):
 PSYoungGen      total 76288K, used 7628K [0x000000076b380000, 0x0000000770880000, 0x00000007c0000000)
  eden space 65536K, 0% used [0x000000076b380000,0x000000076b380000,0x000000076f380000)
  from space 10752K, 70% used [0x000000076f380000,0x000000076faf3360,0x000000076fe00000)
  to   space 10752K, 0% used [0x000000076fe00000,0x000000076fe00000,0x0000000770880000)
 ParOldGen       total 175104K, used 88K [0x00000006c1a00000, 0x00000006cc500000, 0x000000076b380000)
  object space 175104K, 0% used [0x00000006c1a00000,0x00000006c1a16010,0x00000006cc500000)
 Metaspace       used 20572K, capacity 21238K, committed 21296K, reserved 1067008K
  class space    used 2717K, capacity 2887K, committed 2944K, reserved 1048576K
}
Event: 4.780 GC heap before
{Heap before GC invocations=2 (full 1):
 PSYoungGen      total 76288K, used 7628K [0x000000076b380000, 0x0000000770880000, 0x00000007c0000000)
  eden space 65536K, 0% used [0x000000076b380000,0x000000076b380000,0x000000076f380000)
  from space 10752K, 70% used [0x000000076f380000,0x000000076faf3360,0x000000076fe00000)
  to   space 10752K, 0% used [0x000000076fe00000,0x000000076fe00000,0x0000000770880000)
 ParOldGen       total 175104K, used 88K [0x00000006c1a00000, 0x00000006cc500000, 0x000000076b380000)
  object space 175104K, 0% used [0x00000006c1a00000,0x00000006c1a16010,0x00000006cc500000)
 Metaspace       used 20572K, capacity 21238K, committed 21296K, reserved 1067008K
  class space    used 2717K, capacity 2887K, committed 2944K, reserved 1048576K
Event: 4.825 GC heap after
Heap after GC invocations=2 (full 1):
 PSYoungGen      total 76288K, used 0K [0x000000076b380000, 0x0000000770880000, 0x00000007c0000000)
  eden space 65536K, 0% used [0x000000076b380000,0x000000076b380000,0x000000076f380000)
  from space 10752K, 0% used [0x000000076f380000,0x000000076f380000,0x000000076fe00000)
  to   space 10752K, 0% used [0x000000076fe00000,0x000000076fe00000,0x0000000770880000)
 ParOldGen       total 125440K, used 7512K [0x00000006c1a00000, 0x00000006c9480000, 0x000000076b380000)
  object space 125440K, 5% used [0x00000006c1a00000,0x00000006c2156148,0x00000006c9480000)
 Metaspace       used 20572K, capacity 21238K, committed 21296K, reserved 1067008K
  class space    used 2717K, capacity 2887K, committed 2944K, reserved 1048576K
}
Event: 5.149 GC heap before
{Heap before GC invocations=3 (full 1):
 PSYoungGen      total 76288K, used 65476K [0x000000076b380000, 0x0000000770880000, 0x00000007c0000000)
  eden space 65536K, 99% used [0x000000076b380000,0x000000076f371298,0x000000076f380000)
  from space 10752K, 0% used [0x000000076f380000,0x000000076f380000,0x000000076fe00000)
  to   space 10752K, 0% used [0x000000076fe00000,0x000000076fe00000,0x0000000770880000)
 ParOldGen       total 125440K, used 7512K [0x00000006c1a00000, 0x00000006c9480000, 0x000000076b380000)
  object space 125440K, 5% used [0x00000006c1a00000,0x00000006c2156148,0x00000006c9480000)
 Metaspace       used 21799K, capacity 22542K, committed 22784K, reserved 1069056K
  class space    used 2837K, capacity 3019K, committed 3072K, reserved 1048576K
Event: 5.154 GC heap after
Heap after GC invocations=3 (full 1):
 PSYoungGen      total 76288K, used 1752K [0x000000076b380000, 0x0000000772580000, 0x00000007c0000000)
  eden space 65536K, 0% used [0x000000076b380000,0x000000076b380000,0x000000076f380000)
  from space 10752K, 16% used [0x000000076fe00000,0x000000076ffb6170,0x0000000770880000)
  to   space 10752K, 0% used [0x000000076f380000,0x000000076f380000,0x000000076fe00000)
 ParOldGen       total 125440K, used 7520K [0x00000006c1a00000, 0x00000006c9480000, 0x000000076b380000)
  object space 125440K, 5% used [0x00000006c1a00000,0x00000006c2158148,0x00000006c9480000)
 Metaspace       used 21799K, capacity 22542K, committed 22784K, reserved 1069056K
  class space    used 2837K, capacity 3019K, committed 3072K, reserved 1048576K
}
Event: 5.175 GC heap before
{Heap before GC invocations=4 (full 1):
 PSYoungGen      total 76288K, used 67186K [0x000000076b380000, 0x0000000772580000, 0x00000007c0000000)
  eden space 65536K, 99% used [0x000000076b380000,0x000000076f366820,0x000000076f380000)
  from space 10752K, 16% used [0x000000076fe00000,0x000000076ffb6170,0x0000000770880000)
  to   space 10752K, 0% used [0x000000076f380000,0x000000076f380000,0x000000076fe00000)
 ParOldGen       total 125440K, used 7520K [0x00000006c1a00000, 0x00000006c9480000, 0x000000076b380000)
  object space 125440K, 5% used [0x00000006c1a00000,0x00000006c2158148,0x00000006c9480000)
 Metaspace       used 21803K, capacity 22542K, committed 22784K, reserved 1069056K
  class space    used 2837K, capacity 3019K, committed 3072K, reserved 1048576K
Event: 5.177 GC heap after
Heap after GC invocations=4 (full 1):
 PSYoungGen      total 76288K, used 782K [0x000000076b380000, 0x0000000773800000, 0x00000007c0000000)
  eden space 65536K, 0% used [0x000000076b380000,0x000000076b380000,0x000000076f380000)
  from space 10752K, 7% used [0x000000076f380000,0x000000076f443948,0x000000076fe00000)
  to   space 10752K, 0% used [0x0000000772d80000,0x0000000772d80000,0x0000000773800000)
 ParOldGen       total 125440K, used 7528K [0x00000006c1a00000, 0x00000006c9480000, 0x000000076b380000)
  object space 125440K, 6% used [0x00000006c1a00000,0x00000006c215a148,0x00000006c9480000)
 Metaspace       used 21803K, capacity 22542K, committed 22784K, reserved 1069056K
  class space    used 2837K, capacity 3019K, committed 3072K, reserved 1048576K
}
Event: 5.194 GC heap before
{Heap before GC invocations=5 (full 1):
 PSYoungGen      total 76288K, used 66186K [0x000000076b380000, 0x0000000773800000, 0x00000007c0000000)
  eden space 65536K, 99% used [0x000000076b380000,0x000000076f35f188,0x000000076f380000)
  from space 10752K, 7% used [0x000000076f380000,0x000000076f443948,0x000000076fe00000)
  to   space 10752K, 0% used [0x0000000772d80000,0x0000000772d80000,0x0000000773800000)
 ParOldGen       total 125440K, used 7528K [0x00000006c1a00000, 0x00000006c9480000, 0x000000076b380000)
  object space 125440K, 6% used [0x00000006c1a00000,0x00000006c215a148,0x00000006c9480000)
 Metaspace       used 21803K, capacity 22542K, committed 22784K, reserved 1069056K
  class space    used 2837K, capacity 3019K, committed 3072K, reserved 1048576K
Event: 5.195 GC heap after
Heap after GC invocations=5 (full 1):
 PSYoungGen      total 124928K, used 878K [0x000000076b380000, 0x0000000773c00000, 0x00000007c0000000)
  eden space 114176K, 0% used [0x000000076b380000,0x000000076b380000,0x0000000772300000)
  from space 10752K, 8% used [0x0000000772d80000,0x0000000772e5baa0,0x0000000773800000)
  to   space 10752K, 0% used [0x0000000772300000,0x0000000772300000,0x0000000772d80000)
 ParOldGen       total 125440K, used 7536K [0x00000006c1a00000, 0x00000006c9480000, 0x000000076b380000)
  object space 125440K, 6% used [0x00000006c1a00000,0x00000006c215c148,0x00000006c9480000)
 Metaspace       used 21803K, capacity 22542K, committed 22784K, reserved 1069056K
  class space    used 2837K, capacity 3019K, committed 3072K, reserved 1048576K
}

