# JRE version: Java(TM) SE Runtime Environment (8.0_221-b11) (build 1.8.0_221-b11)
# Java VM: Java HotSpot(TM) 64-Bit Server VM (25.221-b11 mixed mode windows-amd64 compressed oops)
Heap:
 PSYoungGen      total 290816K, used 63204K [0x000000076b380000, 0x000000077f580000, 0x00000007c0000000)
  eden space 265216K, 15% used [0x000000076b380000,0x000000076dbf45f8,0x000000077b680000)
  from space 25600K, 85% used [0x000000077dc80000,0x000000077f1c4c00,0x000000077f580000)
  to   space 32256K, 0% used [0x000000077b680000,0x000000077b680000,0x000000077d600000)
 ParOldGen       total 126464K, used 28529K [0x00000006c1a00000, 0x00000006c9580000, 0x000000076b380000)
  object space 126464K, 22% used [0x00000006c1a00000,0x00000006c35dc508,0x00000006c9580000)
 Metaspace       used 27071K, capacity 28112K, committed 28288K, reserved 1073152K
  class space    used 3422K, capacity 3676K, committed 3712K, reserved 1048576K
GC Heap History (10 events):
Event: 5.061 GC heap before
{Heap before GC invocations=5 (full 1):
 PSYoungGen      total 76288K, used 65820K [0x000000076b380000, 0x0000000773380000, 0x00000007c0000000)
  eden space 65536K, 99% used [0x000000076b380000,0x000000076f35aa78,0x000000076f380000)
  from space 10752K, 4% used [0x000000076f380000,0x000000076f3ec930,0x000000076fe00000)
  to   space 10752K, 0% used [0x0000000772900000,0x0000000772900000,0x0000000773380000)
 ParOldGen       total 126464K, used 8725K [0x00000006c1a00000, 0x00000006c9580000, 0x000000076b380000)
  object space 126464K, 6% used [0x00000006c1a00000,0x00000006c2285408,0x00000006c9580000)
 Metaspace       used 20680K, capacity 21454K, committed 21632K, reserved 1069056K
  class space    used 2722K, capacity 2917K, committed 2944K, reserved 1048576K
Event: 5.063 GC heap after
Heap after GC invocations=5 (full 1):
 PSYoungGen      total 120320K, used 662K [0x000000076b380000, 0x0000000773800000, 0x00000007c0000000)
  eden space 109568K, 0% used [0x000000076b380000,0x000000076b380000,0x0000000771e80000)
  from space 10752K, 6% used [0x0000000772900000,0x00000007729a5a78,0x0000000773380000)
  to   space 10752K, 0% used [0x0000000771e80000,0x0000000771e80000,0x0000000772900000)
 ParOldGen       total 126464K, used 8725K [0x00000006c1a00000, 0x00000006c9580000, 0x000000076b380000)
  object space 126464K, 6% used [0x00000006c1a00000,0x00000006c2285408,0x00000006c9580000)
 Metaspace       used 20680K, capacity 21454K, committed 21632K, reserved 1069056K
  class space    used 2722K, capacity 2917K, committed 2944K, reserved 1048576K
}
Event: 6.046 GC heap before
{Heap before GC invocations=6 (full 1):
 PSYoungGen      total 120320K, used 110230K [0x000000076b380000, 0x0000000773800000, 0x00000007c0000000)
  eden space 109568K, 100% used [0x000000076b380000,0x0000000771e80000,0x0000000771e80000)
  from space 10752K, 6% used [0x0000000772900000,0x00000007729a5a78,0x0000000773380000)
  to   space 10752K, 0% used [0x0000000771e80000,0x0000000771e80000,0x0000000772900000)
 ParOldGen       total 126464K, used 8725K [0x00000006c1a00000, 0x00000006c9580000, 0x000000076b380000)
  object space 126464K, 6% used [0x00000006c1a00000,0x00000006c2285408,0x00000006c9580000)
 Metaspace       used 22962K, capacity 23856K, committed 24064K, reserved 1071104K
  class space    used 3051K, capacity 3286K, committed 3328K, reserved 1048576K
Event: 6.056 GC heap after
Heap after GC invocations=6 (full 1):
 PSYoungGen      total 120320K, used 4894K [0x000000076b380000, 0x0000000777c80000, 0x00000007c0000000)
  eden space 109568K, 0% used [0x000000076b380000,0x000000076b380000,0x0000000771e80000)
  from space 10752K, 45% used [0x0000000771e80000,0x00000007723479f8,0x0000000772900000)
  to   space 9728K, 0% used [0x0000000777300000,0x0000000777300000,0x0000000777c80000)
 ParOldGen       total 126464K, used 8733K [0x00000006c1a00000, 0x00000006c9580000, 0x000000076b380000)
  object space 126464K, 6% used [0x00000006c1a00000,0x00000006c2287408,0x00000006c9580000)
 Metaspace       used 22962K, capacity 23856K, committed 24064K, reserved 1071104K
  class space    used 3051K, capacity 3286K, committed 3328K, reserved 1048576K
}
Event: 8.426 GC heap before
{Heap before GC invocations=7 (full 1):
 PSYoungGen      total 120320K, used 112147K [0x000000076b380000, 0x0000000777c80000, 0x00000007c0000000)
  eden space 109568K, 97% used [0x000000076b380000,0x0000000771c3d488,0x0000000771e80000)
  from space 10752K, 45% used [0x0000000771e80000,0x00000007723479f8,0x0000000772900000)
  to   space 9728K, 0% used [0x0000000777300000,0x0000000777300000,0x0000000777c80000)
 ParOldGen       total 126464K, used 8733K [0x00000006c1a00000, 0x00000006c9580000, 0x000000076b380000)
  object space 126464K, 6% used [0x00000006c1a00000,0x00000006c2287408,0x00000006c9580000)
 Metaspace       used 23816K, capacity 24762K, committed 24832K, reserved 1071104K
  class space    used 3075K, capacity 3299K, committed 3328K, reserved 1048576K
Event: 8.440 GC heap after
Heap after GC invocations=7 (full 1):
 PSYoungGen      total 182272K, used 9717K [0x000000076b380000, 0x0000000779280000, 0x00000007c0000000)
  eden space 172544K, 0% used [0x000000076b380000,0x000000076b380000,0x0000000775c00000)
  from space 9728K, 99% used [0x0000000777300000,0x0000000777c7d738,0x0000000777c80000)
  to   space 23552K, 0% used [0x0000000775c00000,0x0000000775c00000,0x0000000777300000)
 ParOldGen       total 126464K, used 28406K [0x00000006c1a00000, 0x00000006c9580000, 0x000000076b380000)
  object space 126464K, 22% used [0x00000006c1a00000,0x00000006c35bdad0,0x00000006c9580000)
 Metaspace       used 23816K, capacity 24762K, committed 24832K, reserved 1071104K
  class space    used 3075K, capacity 3299K, committed 3328K, reserved 1048576K
}
Event: 14.555 GC heap before
{Heap before GC invocations=8 (full 1):
 PSYoungGen      total 182272K, used 182261K [0x000000076b380000, 0x0000000779280000, 0x00000007c0000000)
  eden space 172544K, 100% used [0x000000076b380000,0x0000000775c00000,0x0000000775c00000)
  from space 9728K, 99% used [0x0000000777300000,0x0000000777c7d738,0x0000000777c80000)
  to   space 23552K, 0% used [0x0000000775c00000,0x0000000775c00000,0x0000000777300000)
 ParOldGen       total 126464K, used 28406K [0x00000006c1a00000, 0x00000006c9580000, 0x000000076b380000)
  object space 126464K, 22% used [0x00000006c1a00000,0x00000006c35bdad0,0x00000006c9580000)
 Metaspace       used 25736K, capacity 26734K, committed 26880K, reserved 1073152K
  class space    used 3308K, capacity 3541K, committed 3584K, reserved 1048576K
Event: 14.568 GC heap after
Heap after GC invocations=8 (full 1):
 PSYoungGen      total 196096K, used 22934K [0x000000076b380000, 0x000000077f900000, 0x00000007c0000000)
  eden space 172544K, 0% used [0x000000076b380000,0x000000076b380000,0x0000000775c00000)
  from space 23552K, 97% used [0x0000000775c00000,0x0000000777265990,0x0000000777300000)
  to   space 29184K, 0% used [0x000000077dc80000,0x000000077dc80000,0x000000077f900000)
 ParOldGen       total 126464K, used 28521K [0x00000006c1a00000, 0x00000006c9580000, 0x000000076b380000)
  object space 126464K, 22% used [0x00000006c1a00000,0x00000006c35da508,0x00000006c9580000)
 Metaspace       used 25736K, capacity 26734K, committed 26880K, reserved 1073152K
  class space    used 3308K, capacity 3541K, committed 3584K, reserved 1048576K
}
Event: 18.265 GC heap before
{Heap before GC invocations=9 (full 1):
 PSYoungGen      total 196096K, used 193860K [0x000000076b380000, 0x000000077f900000, 0x00000007c0000000)
  eden space 172544K, 99% used [0x000000076b380000,0x0000000775a6b708,0x0000000775c00000)
  from space 23552K, 97% used [0x0000000775c00000,0x0000000777265990,0x0000000777300000)
  to   space 29184K, 0% used [0x000000077dc80000,0x000000077dc80000,0x000000077f900000)
 ParOldGen       total 126464K, used 28521K [0x00000006c1a00000, 0x00000006c9580000, 0x000000076b380000)
  object space 126464K, 22% used [0x00000006c1a00000,0x00000006c35da508,0x00000006c9580000)
 Metaspace       used 25928K, capacity 26998K, committed 27136K, reserved 1073152K
  class space    used 3308K, capacity 3541K, committed 3584K, reserved 1048576K
Event: 18.275 GC heap after
Heap after GC invocations=9 (full 1):
 PSYoungGen      total 290816K, used 21779K [0x000000076b380000, 0x000000077f580000, 0x00000007c0000000)
  eden space 265216K, 0% used [0x000000076b380000,0x000000076b380000,0x000000077b680000)
  from space 25600K, 85% used [0x000000077dc80000,0x000000077f1c4c00,0x000000077f580000)
  to   space 32256K, 0% used [0x000000077b680000,0x000000077b680000,0x000000077d600000)
 ParOldGen       total 126464K, used 28529K [0x00000006c1a00000, 0x00000006c9580000, 0x000000076b380000)
  object space 126464K, 22% used [0x00000006c1a00000,0x00000006c35dc508,0x00000006c9580000)
 Metaspace       used 25928K, capacity 26998K, committed 27136K, reserved 1073152K
  class space    used 3308K, capacity 3541K, committed 3584K, reserved 1048576K
}

