# JRE version: Java(TM) SE Runtime Environment (8.0_221-b11) (build 1.8.0_221-b11)
# Java VM: Java HotSpot(TM) 64-Bit Server VM (25.221-b11 mixed mode windows-amd64 compressed oops)
Heap:
 PSYoungGen      total 199680K, used 74035K [0x000000076b380000, 0x0000000780180000, 0x00000007c0000000)
  eden space 176640K, 28% used [0x000000076b380000,0x000000076e577fd8,0x0000000776000000)
  from space 23040K, 99% used [0x0000000776000000,0x0000000777654e58,0x0000000777680000)
  to   space 28672K, 0% used [0x000000077e580000,0x000000077e580000,0x0000000780180000)
 ParOldGen       total 126976K, used 27801K [0x00000006c1a00000, 0x00000006c9600000, 0x000000076b380000)
  object space 126976K, 21% used [0x00000006c1a00000,0x00000006c35264e8,0x00000006c9600000)
 Metaspace       used 26362K, capacity 27282K, committed 27392K, reserved 1073152K
  class space    used 3304K, capacity 3553K, committed 3584K, reserved 1048576K
GC Heap History (10 events):
Event: 4.562 GC heap before
{Heap before GC invocations=4 (full 1):
 PSYoungGen      total 76288K, used 65763K [0x000000076b380000, 0x0000000772800000, 0x00000007c0000000)
  eden space 65536K, 99% used [0x000000076b380000,0x000000076f362850,0x000000076f380000)
  from space 10752K, 3% used [0x000000076fe00000,0x000000076fe56478,0x0000000770880000)
  to   space 10752K, 0% used [0x000000076f380000,0x000000076f380000,0x000000076fe00000)
 ParOldGen       total 126976K, used 8717K [0x00000006c1a00000, 0x00000006c9600000, 0x000000076b380000)
  object space 126976K, 6% used [0x00000006c1a00000,0x00000006c2283538,0x00000006c9600000)
 Metaspace       used 20675K, capacity 21450K, committed 21632K, reserved 1069056K
  class space    used 2719K, capacity 2917K, committed 2944K, reserved 1048576K
Event: 4.563 GC heap after
Heap after GC invocations=4 (full 1):
 PSYoungGen      total 76288K, used 466K [0x000000076b380000, 0x0000000773480000, 0x00000007c0000000)
  eden space 65536K, 0% used [0x000000076b380000,0x000000076b380000,0x000000076f380000)
  from space 10752K, 4% used [0x000000076f380000,0x000000076f3f4930,0x000000076fe00000)
  to   space 10752K, 0% used [0x0000000772a00000,0x0000000772a00000,0x0000000773480000)
 ParOldGen       total 126976K, used 8717K [0x00000006c1a00000, 0x00000006c9600000, 0x000000076b380000)
  object space 126976K, 6% used [0x00000006c1a00000,0x00000006c2283538,0x00000006c9600000)
 Metaspace       used 20675K, capacity 21450K, committed 21632K, reserved 1069056K
  class space    used 2719K, capacity 2917K, committed 2944K, reserved 1048576K
}
Event: 4.578 GC heap before
{Heap before GC invocations=5 (full 1):
 PSYoungGen      total 76288K, used 65852K [0x000000076b380000, 0x0000000773480000, 0x00000007c0000000)
  eden space 65536K, 99% used [0x000000076b380000,0x000000076f35a970,0x000000076f380000)
  from space 10752K, 4% used [0x000000076f380000,0x000000076f3f4930,0x000000076fe00000)
  to   space 10752K, 0% used [0x0000000772a00000,0x0000000772a00000,0x0000000773480000)
 ParOldGen       total 126976K, used 8717K [0x00000006c1a00000, 0x00000006c9600000, 0x000000076b380000)
  object space 126976K, 6% used [0x00000006c1a00000,0x00000006c2283538,0x00000006c9600000)
 Metaspace       used 20675K, capacity 21450K, committed 21632K, reserved 1069056K
  class space    used 2719K, capacity 2917K, committed 2944K, reserved 1048576K
Event: 4.579 GC heap after
Heap after GC invocations=5 (full 1):
 PSYoungGen      total 121344K, used 630K [0x000000076b380000, 0x0000000773900000, 0x00000007c0000000)
  eden space 110592K, 0% used [0x000000076b380000,0x000000076b380000,0x0000000771f80000)
  from space 10752K, 5% used [0x0000000772a00000,0x0000000772a9da78,0x0000000773480000)
  to   space 10752K, 0% used [0x0000000771f80000,0x0000000771f80000,0x0000000772a00000)
 ParOldGen       total 126976K, used 8717K [0x00000006c1a00000, 0x00000006c9600000, 0x000000076b380000)
  object space 126976K, 6% used [0x00000006c1a00000,0x00000006c2283538,0x00000006c9600000)
 Metaspace       used 20675K, capacity 21450K, committed 21632K, reserved 1069056K
  class space    used 2719K, capacity 2917K, committed 2944K, reserved 1048576K
}
Event: 5.294 GC heap before
{Heap before GC invocations=6 (full 1):
 PSYoungGen      total 121344K, used 111222K [0x000000076b380000, 0x0000000773900000, 0x00000007c0000000)
  eden space 110592K, 100% used [0x000000076b380000,0x0000000771f80000,0x0000000771f80000)
  from space 10752K, 5% used [0x0000000772a00000,0x0000000772a9da78,0x0000000773480000)
  to   space 10752K, 0% used [0x0000000771f80000,0x0000000771f80000,0x0000000772a00000)
 ParOldGen       total 126976K, used 8717K [0x00000006c1a00000, 0x00000006c9600000, 0x000000076b380000)
  object space 126976K, 6% used [0x00000006c1a00000,0x00000006c2283538,0x00000006c9600000)
 Metaspace       used 22886K, capacity 23754K, committed 23808K, reserved 1069056K
  class space    used 3042K, capacity 3277K, committed 3328K, reserved 1048576K
Event: 5.300 GC heap after
Heap after GC invocations=6 (full 1):
 PSYoungGen      total 121344K, used 4813K [0x000000076b380000, 0x0000000778000000, 0x00000007c0000000)
  eden space 110592K, 0% used [0x000000076b380000,0x000000076b380000,0x0000000771f80000)
  from space 10752K, 44% used [0x0000000771f80000,0x0000000772433480,0x0000000772a00000)
  to   space 9728K, 0% used [0x0000000777680000,0x0000000777680000,0x0000000778000000)
 ParOldGen       total 126976K, used 8725K [0x00000006c1a00000, 0x00000006c9600000, 0x000000076b380000)
  object space 126976K, 6% used [0x00000006c1a00000,0x00000006c2285538,0x00000006c9600000)
 Metaspace       used 22886K, capacity 23754K, committed 23808K, reserved 1069056K
  class space    used 3042K, capacity 3277K, committed 3328K, reserved 1048576K
}
Event: 7.584 GC heap before
{Heap before GC invocations=7 (full 1):
 PSYoungGen      total 121344K, used 113842K [0x000000076b380000, 0x0000000778000000, 0x00000007c0000000)
  eden space 110592K, 98% used [0x000000076b380000,0x0000000771df95d8,0x0000000771f80000)
  from space 10752K, 44% used [0x0000000771f80000,0x0000000772433480,0x0000000772a00000)
  to   space 9728K, 0% used [0x0000000777680000,0x0000000777680000,0x0000000778000000)
 ParOldGen       total 126976K, used 8725K [0x00000006c1a00000, 0x00000006c9600000, 0x000000076b380000)
  object space 126976K, 6% used [0x00000006c1a00000,0x00000006c2285538,0x00000006c9600000)
 Metaspace       used 23838K, capacity 24762K, committed 24832K, reserved 1071104K
  class space    used 3074K, capacity 3301K, committed 3328K, reserved 1048576K
Event: 7.597 GC heap after
Heap after GC invocations=7 (full 1):
 PSYoungGen      total 186368K, used 9713K [0x000000076b380000, 0x0000000779500000, 0x00000007c0000000)
  eden space 176640K, 0% used [0x000000076b380000,0x000000076b380000,0x0000000776000000)
  from space 9728K, 99% used [0x0000000777680000,0x0000000777ffc780,0x0000000778000000)
  to   space 23040K, 0% used [0x0000000776000000,0x0000000776000000,0x0000000777680000)
 ParOldGen       total 126976K, used 27630K [0x00000006c1a00000, 0x00000006c9600000, 0x000000076b380000)
  object space 126976K, 21% used [0x00000006c1a00000,0x00000006c34fbab0,0x00000006c9600000)
 Metaspace       used 23838K, capacity 24762K, committed 24832K, reserved 1071104K
  class space    used 3074K, capacity 3301K, committed 3328K, reserved 1048576K
}
Event: 14.304 GC heap before
{Heap before GC invocations=8 (full 1):
 PSYoungGen      total 186368K, used 186353K [0x000000076b380000, 0x0000000779500000, 0x00000007c0000000)
  eden space 176640K, 100% used [0x000000076b380000,0x0000000776000000,0x0000000776000000)
  from space 9728K, 99% used [0x0000000777680000,0x0000000777ffc780,0x0000000778000000)
  to   space 23040K, 0% used [0x0000000776000000,0x0000000776000000,0x0000000777680000)
 ParOldGen       total 126976K, used 27630K [0x00000006c1a00000, 0x00000006c9600000, 0x000000076b380000)
  object space 126976K, 21% used [0x00000006c1a00000,0x00000006c34fbab0,0x00000006c9600000)
 Metaspace       used 26341K, capacity 27282K, committed 27392K, reserved 1073152K
  class space    used 3304K, capacity 3553K, committed 3584K, reserved 1048576K
Event: 14.322 GC heap after
Heap after GC invocations=8 (full 1):
 PSYoungGen      total 199680K, used 22867K [0x000000076b380000, 0x0000000780180000, 0x00000007c0000000)
  eden space 176640K, 0% used [0x000000076b380000,0x000000076b380000,0x0000000776000000)
  from space 23040K, 99% used [0x0000000776000000,0x0000000777654e58,0x0000000777680000)
  to   space 28672K, 0% used [0x000000077e580000,0x000000077e580000,0x0000000780180000)
 ParOldGen       total 126976K, used 27801K [0x00000006c1a00000, 0x00000006c9600000, 0x000000076b380000)
  object space 126976K, 21% used [0x00000006c1a00000,0x00000006c35264e8,0x00000006c9600000)
 Metaspace       used 26341K, capacity 27282K, committed 27392K, reserved 1073152K
  class space    used 3304K, capacity 3553K, committed 3584K, reserved 1048576K
}

