# JRE version: Java(TM) SE Runtime Environment (8.0_221-b11) (build 1.8.0_221-b11)
# Java VM: Java HotSpot(TM) 64-Bit Server VM (25.221-b11 mixed mode windows-amd64 compressed oops)
Heap:
 PSYoungGen      total 309248K, used 183816K [0x000000076b380000, 0x0000000785d80000, 0x00000007c0000000)
  eden space 283648K, 62% used [0x000000076b380000,0x0000000776015fe0,0x000000077c880000)
  from space 25600K, 27% used [0x000000077c880000,0x000000077cf6c3d8,0x000000077e180000)
  to   space 24064K, 0% used [0x0000000784600000,0x0000000784600000,0x0000000785d80000)
 ParOldGen       total 126464K, used 35763K [0x00000006c1a00000, 0x00000006c9580000, 0x000000076b380000)
  object space 126464K, 28% used [0x00000006c1a00000,0x00000006c3cece40,0x00000006c9580000)
 Metaspace       used 25421K, capacity 26360K, committed 26496K, reserved 1073152K
  class space    used 3192K, capacity 3416K, committed 3456K, reserved 1048576K
GC Heap History (10 events):
Event: 5.558 GC heap before
{Heap before GC invocations=6 (full 1):
 PSYoungGen      total 120320K, used 110229K [0x000000076b380000, 0x0000000773900000, 0x00000007c0000000)
  eden space 109568K, 100% used [0x000000076b380000,0x0000000771e80000,0x0000000771e80000)
  from space 10752K, 6% used [0x0000000772900000,0x00000007729a5720,0x0000000773380000)
  to   space 10752K, 0% used [0x0000000771e80000,0x0000000771e80000,0x0000000772900000)
 ParOldGen       total 126464K, used 8717K [0x00000006c1a00000, 0x00000006c9580000, 0x000000076b380000)
  object space 126464K, 6% used [0x00000006c1a00000,0x00000006c22836a0,0x00000006c9580000)
 Metaspace       used 22916K, capacity 23754K, committed 23808K, reserved 1069056K
  class space    used 3044K, capacity 3277K, committed 3328K, reserved 1048576K
Event: 5.565 GC heap after
Heap after GC invocations=6 (full 1):
 PSYoungGen      total 120320K, used 4761K [0x000000076b380000, 0x0000000777e80000, 0x00000007c0000000)
  eden space 109568K, 0% used [0x000000076b380000,0x000000076b380000,0x0000000771e80000)
  from space 10752K, 44% used [0x0000000771e80000,0x0000000772326438,0x0000000772900000)
  to   space 9728K, 0% used [0x0000000777500000,0x0000000777500000,0x0000000777e80000)
 ParOldGen       total 126464K, used 8725K [0x00000006c1a00000, 0x00000006c9580000, 0x000000076b380000)
  object space 126464K, 6% used [0x00000006c1a00000,0x00000006c22856a0,0x00000006c9580000)
 Metaspace       used 22916K, capacity 23754K, committed 23808K, reserved 1069056K
  class space    used 3044K, capacity 3277K, committed 3328K, reserved 1048576K
}
Event: 7.690 GC heap before
{Heap before GC invocations=7 (full 1):
 PSYoungGen      total 120320K, used 114329K [0x000000076b380000, 0x0000000777e80000, 0x00000007c0000000)
  eden space 109568K, 100% used [0x000000076b380000,0x0000000771e80000,0x0000000771e80000)
  from space 10752K, 44% used [0x0000000771e80000,0x0000000772326438,0x0000000772900000)
  to   space 9728K, 0% used [0x0000000777500000,0x0000000777500000,0x0000000777e80000)
 ParOldGen       total 126464K, used 8725K [0x00000006c1a00000, 0x00000006c9580000, 0x000000076b380000)
  object space 126464K, 6% used [0x00000006c1a00000,0x00000006c22856a0,0x00000006c9580000)
 Metaspace       used 23789K, capacity 24668K, committed 24832K, reserved 1071104K
  class space    used 3068K, capacity 3292K, committed 3328K, reserved 1048576K
Event: 7.701 GC heap after
Heap after GC invocations=7 (full 1):
 PSYoungGen      total 185344K, used 9710K [0x000000076b380000, 0x0000000779200000, 0x00000007c0000000)
  eden space 175616K, 0% used [0x000000076b380000,0x000000076b380000,0x0000000775f00000)
  from space 9728K, 99% used [0x0000000777500000,0x0000000777e7ba78,0x0000000777e80000)
  to   space 22528K, 0% used [0x0000000775f00000,0x0000000775f00000,0x0000000777500000)
 ParOldGen       total 126464K, used 26277K [0x00000006c1a00000, 0x00000006c9580000, 0x000000076b380000)
  object space 126464K, 20% used [0x00000006c1a00000,0x00000006c33a96f8,0x00000006c9580000)
 Metaspace       used 23789K, capacity 24668K, committed 24832K, reserved 1071104K
  class space    used 3068K, capacity 3292K, committed 3328K, reserved 1048576K
}
Event: 9.094 GC heap before
{Heap before GC invocations=8 (full 1):
 PSYoungGen      total 185344K, used 185326K [0x000000076b380000, 0x0000000779200000, 0x00000007c0000000)
  eden space 175616K, 100% used [0x000000076b380000,0x0000000775f00000,0x0000000775f00000)
  from space 9728K, 99% used [0x0000000777500000,0x0000000777e7ba78,0x0000000777e80000)
  to   space 22528K, 0% used [0x0000000775f00000,0x0000000775f00000,0x0000000777500000)
 ParOldGen       total 126464K, used 26277K [0x00000006c1a00000, 0x00000006c9580000, 0x000000076b380000)
  object space 126464K, 20% used [0x00000006c1a00000,0x00000006c33a96f8,0x00000006c9580000)
 Metaspace       used 24632K, capacity 25528K, committed 25728K, reserved 1071104K
  class space    used 3164K, capacity 3400K, committed 3456K, reserved 1048576K
Event: 9.102 GC heap after
Heap after GC invocations=8 (full 1):
 PSYoungGen      total 198144K, used 15427K [0x000000076b380000, 0x000000077f980000, 0x00000007c0000000)
  eden space 175616K, 0% used [0x000000076b380000,0x000000076b380000,0x0000000775f00000)
  from space 22528K, 68% used [0x0000000775f00000,0x0000000776e10f28,0x0000000777500000)
  to   space 24576K, 0% used [0x000000077e180000,0x000000077e180000,0x000000077f980000)
 ParOldGen       total 126464K, used 26408K [0x00000006c1a00000, 0x00000006c9580000, 0x000000076b380000)
  object space 126464K, 20% used [0x00000006c1a00000,0x00000006c33ca130,0x00000006c9580000)
 Metaspace       used 24632K, capacity 25528K, committed 25728K, reserved 1071104K
  class space    used 3164K, capacity 3400K, committed 3456K, reserved 1048576K
}
Event: 9.436 GC heap before
{Heap before GC invocations=9 (full 1):
 PSYoungGen      total 198144K, used 188173K [0x000000076b380000, 0x000000077f980000, 0x00000007c0000000)
  eden space 175616K, 98% used [0x000000076b380000,0x0000000775c32688,0x0000000775f00000)
  from space 22528K, 68% used [0x0000000775f00000,0x0000000776e10f28,0x0000000777500000)
  to   space 24576K, 0% used [0x000000077e180000,0x000000077e180000,0x000000077f980000)
 ParOldGen       total 126464K, used 26408K [0x00000006c1a00000, 0x00000006c9580000, 0x000000076b380000)
  object space 126464K, 20% used [0x00000006c1a00000,0x00000006c33ca130,0x00000006c9580000)
 Metaspace       used 24665K, capacity 25592K, committed 25728K, reserved 1071104K
  class space    used 3164K, capacity 3400K, committed 3456K, reserved 1048576K
Event: 9.442 GC heap after
Heap after GC invocations=9 (full 1):
 PSYoungGen      total 308224K, used 15330K [0x000000076b380000, 0x000000077fc80000, 0x00000007c0000000)
  eden space 283648K, 0% used [0x000000076b380000,0x000000076b380000,0x000000077c880000)
  from space 24576K, 62% used [0x000000077e180000,0x000000077f078ab8,0x000000077f980000)
  to   space 25600K, 0% used [0x000000077c880000,0x000000077c880000,0x000000077e180000)
 ParOldGen       total 126464K, used 26416K [0x00000006c1a00000, 0x00000006c9580000, 0x000000076b380000)
  object space 126464K, 20% used [0x00000006c1a00000,0x00000006c33cc130,0x00000006c9580000)
 Metaspace       used 24665K, capacity 25592K, committed 25728K, reserved 1071104K
  class space    used 3164K, capacity 3400K, committed 3456K, reserved 1048576K
}
Event: 10.030 GC heap before
{Heap before GC invocations=10 (full 1):
 PSYoungGen      total 308224K, used 298978K [0x000000076b380000, 0x000000077fc80000, 0x00000007c0000000)
  eden space 283648K, 100% used [0x000000076b380000,0x000000077c880000,0x000000077c880000)
  from space 24576K, 62% used [0x000000077e180000,0x000000077f078ab8,0x000000077f980000)
  to   space 25600K, 0% used [0x000000077c880000,0x000000077c880000,0x000000077e180000)
 ParOldGen       total 126464K, used 26416K [0x00000006c1a00000, 0x00000006c9580000, 0x000000076b380000)
  object space 126464K, 20% used [0x00000006c1a00000,0x00000006c33cc130,0x00000006c9580000)
 Metaspace       used 24754K, capacity 25720K, committed 25984K, reserved 1071104K
  class space    used 3164K, capacity 3400K, committed 3456K, reserved 1048576K
Event: 10.038 GC heap after
Heap after GC invocations=10 (full 1):
 PSYoungGen      total 309248K, used 7088K [0x000000076b380000, 0x0000000785d80000, 0x00000007c0000000)
  eden space 283648K, 0% used [0x000000076b380000,0x000000076b380000,0x000000077c880000)
  from space 25600K, 27% used [0x000000077c880000,0x000000077cf6c3d8,0x000000077e180000)
  to   space 24064K, 0% used [0x0000000784600000,0x0000000784600000,0x0000000785d80000)
 ParOldGen       total 126464K, used 35763K [0x00000006c1a00000, 0x00000006c9580000, 0x000000076b380000)
  object space 126464K, 28% used [0x00000006c1a00000,0x00000006c3cece40,0x00000006c9580000)
 Metaspace       used 24754K, capacity 25720K, committed 25984K, reserved 1071104K
  class space    used 3164K, capacity 3400K, committed 3456K, reserved 1048576K
}

