# JRE version: Java(TM) SE Runtime Environment (8.0_221-b11) (build 1.8.0_221-b11)
# Java VM: Java HotSpot(TM) 64-Bit Server VM (25.221-b11 mixed mode windows-amd64 compressed oops)
Heap:
 PSYoungGen      total 121344K, used 81807K [0x000000076b380000, 0x0000000773880000, 0x00000007c0000000)
  eden space 110592K, 73% used [0x000000076b380000,0x00000007702c0f58,0x0000000771f80000)
  from space 10752K, 6% used [0x0000000772a00000,0x0000000772aa2fc0,0x0000000773480000)
  to   space 10752K, 0% used [0x0000000771f80000,0x0000000771f80000,0x0000000772a00000)
 ParOldGen       total 126976K, used 8744K [0x00000006c1a00000, 0x00000006c9600000, 0x000000076b380000)
  object space 126976K, 6% used [0x00000006c1a00000,0x00000006c228a0d0,0x00000006c9600000)
 Metaspace       used 22627K, capacity 23480K, committed 23808K, reserved 1069056K
  class space    used 3014K, capacity 3236K, committed 3328K, reserved 1048576K
GC Heap History (10 events):
Event: 4.643 GC heap before
{Heap before GC invocations=1 (full 0):
 PSYoungGen      total 76288K, used 56842K [0x000000076b380000, 0x0000000770880000, 0x00000007c0000000)
  eden space 65536K, 86% used [0x000000076b380000,0x000000076eb02878,0x000000076f380000)
  from space 10752K, 0% used [0x000000076fe00000,0x000000076fe00000,0x0000000770880000)
  to   space 10752K, 0% used [0x000000076f380000,0x000000076f380000,0x000000076fe00000)
 ParOldGen       total 175104K, used 0K [0x00000006c1a00000, 0x00000006cc500000, 0x000000076b380000)
  object space 175104K, 0% used [0x00000006c1a00000,0x00000006c1a00000,0x00000006cc500000)
 Metaspace       used 20444K, capacity 21176K, committed 21296K, reserved 1067008K
  class space    used 2697K, capacity 2886K, committed 2944K, reserved 1048576K
Event: 4.656 GC heap after
Heap after GC invocations=1 (full 0):
 PSYoungGen      total 76288K, used 8849K [0x000000076b380000, 0x0000000770880000, 0x00000007c0000000)
  eden space 65536K, 0% used [0x000000076b380000,0x000000076b380000,0x000000076f380000)
  from space 10752K, 82% used [0x000000076f380000,0x000000076fc24770,0x000000076fe00000)
  to   space 10752K, 0% used [0x000000076fe00000,0x000000076fe00000,0x0000000770880000)
 ParOldGen       total 175104K, used 88K [0x00000006c1a00000, 0x00000006cc500000, 0x000000076b380000)
  object space 175104K, 0% used [0x00000006c1a00000,0x00000006c1a16010,0x00000006cc500000)
 Metaspace       used 20444K, capacity 21176K, committed 21296K, reserved 1067008K
  class space    used 2697K, capacity 2886K, committed 2944K, reserved 1048576K
}
Event: 4.656 GC heap before
{Heap before GC invocations=2 (full 1):
 PSYoungGen      total 76288K, used 8849K [0x000000076b380000, 0x0000000770880000, 0x00000007c0000000)
  eden space 65536K, 0% used [0x000000076b380000,0x000000076b380000,0x000000076f380000)
  from space 10752K, 82% used [0x000000076f380000,0x000000076fc24770,0x000000076fe00000)
  to   space 10752K, 0% used [0x000000076fe00000,0x000000076fe00000,0x0000000770880000)
 ParOldGen       total 175104K, used 88K [0x00000006c1a00000, 0x00000006cc500000, 0x000000076b380000)
  object space 175104K, 0% used [0x00000006c1a00000,0x00000006c1a16010,0x00000006cc500000)
 Metaspace       used 20444K, capacity 21176K, committed 21296K, reserved 1067008K
  class space    used 2697K, capacity 2886K, committed 2944K, reserved 1048576K
Event: 4.705 GC heap after
Heap after GC invocations=2 (full 1):
 PSYoungGen      total 76288K, used 0K [0x000000076b380000, 0x0000000770880000, 0x00000007c0000000)
  eden space 65536K, 0% used [0x000000076b380000,0x000000076b380000,0x000000076f380000)
  from space 10752K, 0% used [0x000000076f380000,0x000000076f380000,0x000000076fe00000)
  to   space 10752K, 0% used [0x000000076fe00000,0x000000076fe00000,0x0000000770880000)
 ParOldGen       total 126976K, used 8728K [0x00000006c1a00000, 0x00000006c9600000, 0x000000076b380000)
  object space 126976K, 6% used [0x00000006c1a00000,0x00000006c22860d0,0x00000006c9600000)
 Metaspace       used 20443K, capacity 21170K, committed 21296K, reserved 1067008K
  class space    used 2696K, capacity 2885K, committed 2944K, reserved 1048576K
}
Event: 4.865 GC heap before
{Heap before GC invocations=3 (full 1):
 PSYoungGen      total 76288K, used 65468K [0x000000076b380000, 0x0000000770880000, 0x00000007c0000000)
  eden space 65536K, 99% used [0x000000076b380000,0x000000076f36f2b8,0x000000076f380000)
  from space 10752K, 0% used [0x000000076f380000,0x000000076f380000,0x000000076fe00000)
  to   space 10752K, 0% used [0x000000076fe00000,0x000000076fe00000,0x0000000770880000)
 ParOldGen       total 126976K, used 8728K [0x00000006c1a00000, 0x00000006c9600000, 0x000000076b380000)
  object space 126976K, 6% used [0x00000006c1a00000,0x00000006c22860d0,0x00000006c9600000)
 Metaspace       used 20703K, capacity 21458K, committed 21632K, reserved 1069056K
  class space    used 2728K, capacity 2917K, committed 2944K, reserved 1048576K
Event: 4.869 GC heap after
Heap after GC invocations=3 (full 1):
 PSYoungGen      total 76288K, used 504K [0x000000076b380000, 0x0000000772880000, 0x00000007c0000000)
  eden space 65536K, 0% used [0x000000076b380000,0x000000076b380000,0x000000076f380000)
  from space 10752K, 4% used [0x000000076fe00000,0x000000076fe7e060,0x0000000770880000)
  to   space 10752K, 0% used [0x000000076f380000,0x000000076f380000,0x000000076fe00000)
 ParOldGen       total 126976K, used 8736K [0x00000006c1a00000, 0x00000006c9600000, 0x000000076b380000)
  object space 126976K, 6% used [0x00000006c1a00000,0x00000006c22880d0,0x00000006c9600000)
 Metaspace       used 20703K, capacity 21458K, committed 21632K, reserved 1069056K
  class space    used 2728K, capacity 2917K, committed 2944K, reserved 1048576K
}
Event: 4.889 GC heap before
{Heap before GC invocations=4 (full 1):
 PSYoungGen      total 76288K, used 65990K [0x000000076b380000, 0x0000000772880000, 0x00000007c0000000)
  eden space 65536K, 99% used [0x000000076b380000,0x000000076f373960,0x000000076f380000)
  from space 10752K, 4% used [0x000000076fe00000,0x000000076fe7e060,0x0000000770880000)
  to   space 10752K, 0% used [0x000000076f380000,0x000000076f380000,0x000000076fe00000)
 ParOldGen       total 126976K, used 8736K [0x00000006c1a00000, 0x00000006c9600000, 0x000000076b380000)
  object space 126976K, 6% used [0x00000006c1a00000,0x00000006c22880d0,0x00000006c9600000)
 Metaspace       used 20703K, capacity 21458K, committed 21632K, reserved 1069056K
  class space    used 2728K, capacity 2917K, committed 2944K, reserved 1048576K
Event: 4.890 GC heap after
Heap after GC invocations=4 (full 1):
 PSYoungGen      total 76288K, used 578K [0x000000076b380000, 0x0000000773480000, 0x00000007c0000000)
  eden space 65536K, 0% used [0x000000076b380000,0x000000076b380000,0x000000076f380000)
  from space 10752K, 5% used [0x000000076f380000,0x000000076f4109c8,0x000000076fe00000)
  to   space 10752K, 0% used [0x0000000772a00000,0x0000000772a00000,0x0000000773480000)
 ParOldGen       total 126976K, used 8744K [0x00000006c1a00000, 0x00000006c9600000, 0x000000076b380000)
  object space 126976K, 6% used [0x00000006c1a00000,0x00000006c228a0d0,0x00000006c9600000)
 Metaspace       used 20703K, capacity 21458K, committed 21632K, reserved 1069056K
  class space    used 2728K, capacity 2917K, committed 2944K, reserved 1048576K
}
Event: 4.905 GC heap before
{Heap before GC invocations=5 (full 1):
 PSYoungGen      total 76288K, used 65989K [0x000000076b380000, 0x0000000773480000, 0x00000007c0000000)
  eden space 65536K, 99% used [0x000000076b380000,0x000000076f360be8,0x000000076f380000)
  from space 10752K, 5% used [0x000000076f380000,0x000000076f4109c8,0x000000076fe00000)
  to   space 10752K, 0% used [0x0000000772a00000,0x0000000772a00000,0x0000000773480000)
 ParOldGen       total 126976K, used 8744K [0x00000006c1a00000, 0x00000006c9600000, 0x000000076b380000)
  object space 126976K, 6% used [0x00000006c1a00000,0x00000006c228a0d0,0x00000006c9600000)
 Metaspace       used 20703K, capacity 21458K, committed 21632K, reserved 1069056K
  class space    used 2728K, capacity 2917K, committed 2944K, reserved 1048576K
Event: 4.906 GC heap after
Heap after GC invocations=5 (full 1):
 PSYoungGen      total 121344K, used 651K [0x000000076b380000, 0x0000000773880000, 0x00000007c0000000)
  eden space 110592K, 0% used [0x000000076b380000,0x000000076b380000,0x0000000771f80000)
  from space 10752K, 6% used [0x0000000772a00000,0x0000000772aa2fc0,0x0000000773480000)
  to   space 10752K, 0% used [0x0000000771f80000,0x0000000771f80000,0x0000000772a00000)
 ParOldGen       total 126976K, used 8744K [0x00000006c1a00000, 0x00000006c9600000, 0x000000076b380000)
  object space 126976K, 6% used [0x00000006c1a00000,0x00000006c228a0d0,0x00000006c9600000)
 Metaspace       used 20703K, capacity 21458K, committed 21632K, reserved 1069056K
  class space    used 2728K, capacity 2917K, committed 2944K, reserved 1048576K
}

