# JRE version: Java(TM) SE Runtime Environment (8.0_221-b11) (build 1.8.0_221-b11)
# Java VM: Java HotSpot(TM) 64-Bit Server VM (25.221-b11 mixed mode windows-amd64 compressed oops)
Heap:
 PSYoungGen      total 288768K, used 60128K [0x000000076b380000, 0x000000077f080000, 0x00000007c0000000)
  eden space 266240K, 14% used [0x000000076b380000,0x000000076d9052c8,0x000000077b780000)
  from space 22528K, 96% used [0x000000077da80000,0x000000077efb3020,0x000000077f080000)
  to   space 29184K, 0% used [0x000000077b780000,0x000000077b780000,0x000000077d400000)
 ParOldGen       total 127488K, used 26624K [0x00000006c1a00000, 0x00000006c9680000, 0x000000076b380000)
  object space 127488K, 20% used [0x00000006c1a00000,0x00000006c3400190,0x00000006c9680000)
 Metaspace       used 27049K, capacity 28084K, committed 28288K, reserved 1073152K
  class space    used 3388K, capacity 3628K, committed 3712K, reserved 1048576K
GC Heap History (10 events):
Event: 4.701 GC heap before
{Heap before GC invocations=5 (full 1):
 PSYoungGen      total 76288K, used 66070K [0x000000076b380000, 0x0000000773300000, 0x00000007c0000000)
  eden space 65536K, 99% used [0x000000076b380000,0x000000076f37d268,0x000000076f380000)
  from space 10752K, 5% used [0x000000076f380000,0x000000076f408628,0x000000076fe00000)
  to   space 10752K, 0% used [0x0000000772880000,0x0000000772880000,0x0000000773300000)
 ParOldGen       total 127488K, used 8739K [0x00000006c1a00000, 0x00000006c9680000, 0x000000076b380000)
  object space 127488K, 6% used [0x00000006c1a00000,0x00000006c2288e58,0x00000006c9680000)
 Metaspace       used 20683K, capacity 21462K, committed 21632K, reserved 1069056K
  class space    used 2718K, capacity 2917K, committed 2944K, reserved 1048576K
Event: 4.702 GC heap after
Heap after GC invocations=5 (full 1):
 PSYoungGen      total 119808K, used 576K [0x000000076b380000, 0x0000000773880000, 0x00000007c0000000)
  eden space 109056K, 0% used [0x000000076b380000,0x000000076b380000,0x0000000771e00000)
  from space 10752K, 5% used [0x0000000772880000,0x0000000772910208,0x0000000773300000)
  to   space 10752K, 0% used [0x0000000771e00000,0x0000000771e00000,0x0000000772880000)
 ParOldGen       total 127488K, used 8747K [0x00000006c1a00000, 0x00000006c9680000, 0x000000076b380000)
  object space 127488K, 6% used [0x00000006c1a00000,0x00000006c228ae58,0x00000006c9680000)
 Metaspace       used 20683K, capacity 21462K, committed 21632K, reserved 1069056K
  class space    used 2718K, capacity 2917K, committed 2944K, reserved 1048576K
}
Event: 5.539 GC heap before
{Heap before GC invocations=6 (full 1):
 PSYoungGen      total 119808K, used 109632K [0x000000076b380000, 0x0000000773880000, 0x00000007c0000000)
  eden space 109056K, 100% used [0x000000076b380000,0x0000000771e00000,0x0000000771e00000)
  from space 10752K, 5% used [0x0000000772880000,0x0000000772910208,0x0000000773300000)
  to   space 10752K, 0% used [0x0000000771e00000,0x0000000771e00000,0x0000000772880000)
 ParOldGen       total 127488K, used 8747K [0x00000006c1a00000, 0x00000006c9680000, 0x000000076b380000)
  object space 127488K, 6% used [0x00000006c1a00000,0x00000006c228ae58,0x00000006c9680000)
 Metaspace       used 22992K, capacity 23834K, committed 24064K, reserved 1071104K
  class space    used 3046K, capacity 3279K, committed 3328K, reserved 1048576K
Event: 5.546 GC heap after
Heap after GC invocations=6 (full 1):
 PSYoungGen      total 119808K, used 4757K [0x000000076b380000, 0x0000000777c00000, 0x00000007c0000000)
  eden space 109056K, 0% used [0x000000076b380000,0x000000076b380000,0x0000000771e00000)
  from space 10752K, 44% used [0x0000000771e00000,0x00000007722a5650,0x0000000772880000)
  to   space 9728K, 0% used [0x0000000777280000,0x0000000777280000,0x0000000777c00000)
 ParOldGen       total 127488K, used 8755K [0x00000006c1a00000, 0x00000006c9680000, 0x000000076b380000)
  object space 127488K, 6% used [0x00000006c1a00000,0x00000006c228ce58,0x00000006c9680000)
 Metaspace       used 22992K, capacity 23834K, committed 24064K, reserved 1071104K
  class space    used 3046K, capacity 3279K, committed 3328K, reserved 1048576K
}
Event: 7.478 GC heap before
{Heap before GC invocations=7 (full 1):
 PSYoungGen      total 119808K, used 108591K [0x000000076b380000, 0x0000000777c00000, 0x00000007c0000000)
  eden space 109056K, 95% used [0x000000076b380000,0x00000007718e6988,0x0000000771e00000)
  from space 10752K, 44% used [0x0000000771e00000,0x00000007722a5650,0x0000000772880000)
  to   space 9728K, 0% used [0x0000000777280000,0x0000000777280000,0x0000000777c00000)
 ParOldGen       total 127488K, used 8755K [0x00000006c1a00000, 0x00000006c9680000, 0x000000076b380000)
  object space 127488K, 6% used [0x00000006c1a00000,0x00000006c228ce58,0x00000006c9680000)
 Metaspace       used 23792K, capacity 24674K, committed 24832K, reserved 1071104K
  class space    used 3068K, capacity 3293K, committed 3328K, reserved 1048576K
Event: 7.491 GC heap after
Heap after GC invocations=7 (full 1):
 PSYoungGen      total 182784K, used 9713K [0x000000076b380000, 0x0000000779000000, 0x00000007c0000000)
  eden space 173056K, 0% used [0x000000076b380000,0x000000076b380000,0x0000000775c80000)
  from space 9728K, 99% used [0x0000000777280000,0x0000000777bfc7d0,0x0000000777c00000)
  to   space 22528K, 0% used [0x0000000775c80000,0x0000000775c80000,0x0000000777280000)
 ParOldGen       total 127488K, used 26568K [0x00000006c1a00000, 0x00000006c9680000, 0x000000076b380000)
  object space 127488K, 20% used [0x00000006c1a00000,0x00000006c33f2190,0x00000006c9680000)
 Metaspace       used 23792K, capacity 24674K, committed 24832K, reserved 1071104K
  class space    used 3068K, capacity 3293K, committed 3328K, reserved 1048576K
}
Event: 12.230 GC heap before
{Heap before GC invocations=8 (full 1):
 PSYoungGen      total 182784K, used 181739K [0x000000076b380000, 0x0000000779000000, 0x00000007c0000000)
  eden space 173056K, 99% used [0x000000076b380000,0x0000000775b7e678,0x0000000775c80000)
  from space 9728K, 99% used [0x0000000777280000,0x0000000777bfc7d0,0x0000000777c00000)
  to   space 22528K, 0% used [0x0000000775c80000,0x0000000775c80000,0x0000000777280000)
 ParOldGen       total 127488K, used 26568K [0x00000006c1a00000, 0x00000006c9680000, 0x000000076b380000)
  object space 127488K, 20% used [0x00000006c1a00000,0x00000006c33f2190,0x00000006c9680000)
 Metaspace       used 25442K, capacity 26492K, committed 26624K, reserved 1073152K
  class space    used 3249K, capacity 3510K, committed 3584K, reserved 1048576K
Event: 12.240 GC heap after
Heap after GC invocations=8 (full 1):
 PSYoungGen      total 195584K, used 17332K [0x000000076b380000, 0x000000077f380000, 0x00000007c0000000)
  eden space 173056K, 0% used [0x000000076b380000,0x000000076b380000,0x0000000775c80000)
  from space 22528K, 76% used [0x0000000775c80000,0x0000000776d6d2d0,0x0000000777280000)
  to   space 25600K, 0% used [0x000000077da80000,0x000000077da80000,0x000000077f380000)
 ParOldGen       total 127488K, used 26616K [0x00000006c1a00000, 0x00000006c9680000, 0x000000076b380000)
  object space 127488K, 20% used [0x00000006c1a00000,0x00000006c33fe190,0x00000006c9680000)
 Metaspace       used 25442K, capacity 26492K, committed 26624K, reserved 1073152K
  class space    used 3249K, capacity 3510K, committed 3584K, reserved 1048576K
}
Event: 18.069 GC heap before
{Heap before GC invocations=9 (full 1):
 PSYoungGen      total 195584K, used 189213K [0x000000076b380000, 0x000000077f380000, 0x00000007c0000000)
  eden space 173056K, 99% used [0x000000076b380000,0x0000000775b5a268,0x0000000775c80000)
  from space 22528K, 76% used [0x0000000775c80000,0x0000000776d6d2d0,0x0000000777280000)
  to   space 25600K, 0% used [0x000000077da80000,0x000000077da80000,0x000000077f380000)
 ParOldGen       total 127488K, used 26616K [0x00000006c1a00000, 0x00000006c9680000, 0x000000076b380000)
  object space 127488K, 20% used [0x00000006c1a00000,0x00000006c33fe190,0x00000006c9680000)
 Metaspace       used 27042K, capacity 28084K, committed 28288K, reserved 1073152K
  class space    used 3388K, capacity 3628K, committed 3712K, reserved 1048576K
Event: 18.084 GC heap after
Heap after GC invocations=9 (full 1):
 PSYoungGen      total 288768K, used 21708K [0x000000076b380000, 0x000000077f080000, 0x00000007c0000000)
  eden space 266240K, 0% used [0x000000076b380000,0x000000076b380000,0x000000077b780000)
  from space 22528K, 96% used [0x000000077da80000,0x000000077efb3020,0x000000077f080000)
  to   space 29184K, 0% used [0x000000077b780000,0x000000077b780000,0x000000077d400000)
 ParOldGen       total 127488K, used 26624K [0x00000006c1a00000, 0x00000006c9680000, 0x000000076b380000)
  object space 127488K, 20% used [0x00000006c1a00000,0x00000006c3400190,0x00000006c9680000)
 Metaspace       used 27042K, capacity 28084K, committed 28288K, reserved 1073152K
  class space    used 3388K, capacity 3628K, committed 3712K, reserved 1048576K
}

