# JRE version: Java(TM) SE Runtime Environment (8.0_221-b11) (build 1.8.0_221-b11)
# Java VM: Java HotSpot(TM) 64-Bit Server VM (25.221-b11 mixed mode windows-amd64 compressed oops)
Heap:
 PSYoungGen      total 183296K, used 76831K [0x000000076b380000, 0x0000000779400000, 0x00000007c0000000)
  eden space 173568K, 38% used [0x000000076b380000,0x000000076f509658,0x0000000775d00000)
  from space 9728K, 99% used [0x0000000777400000,0x0000000777d7e6b8,0x0000000777d80000)
  to   space 23552K, 0% used [0x0000000775d00000,0x0000000775d00000,0x0000000777400000)
 ParOldGen       total 128512K, used 28102K [0x00000006c1a00000, 0x00000006c9780000, 0x000000076b380000)
  object space 128512K, 21% used [0x00000006c1a00000,0x00000006c3571910,0x00000006c9780000)
 Metaspace       used 25052K, capacity 26000K, committed 26240K, reserved 1073152K
  class space    used 3186K, capacity 3410K, committed 3456K, reserved 1048576K
GC Heap History (10 events):
Event: 5.707 GC heap before
{Heap before GC invocations=3 (full 1):
 PSYoungGen      total 76288K, used 65534K [0x000000076b380000, 0x0000000770880000, 0x00000007c0000000)
  eden space 65536K, 99% used [0x000000076b380000,0x000000076f37fbe8,0x000000076f380000)
  from space 10752K, 0% used [0x000000076f380000,0x000000076f380000,0x000000076fe00000)
  to   space 10752K, 0% used [0x000000076fe00000,0x000000076fe00000,0x0000000770880000)
 ParOldGen       total 128512K, used 8695K [0x00000006c1a00000, 0x00000006c9780000, 0x000000076b380000)
  object space 128512K, 6% used [0x00000006c1a00000,0x00000006c227dcb8,0x00000006c9780000)
 Metaspace       used 20696K, capacity 21438K, committed 21632K, reserved 1069056K
  class space    used 2723K, capacity 2917K, committed 2944K, reserved 1048576K
Event: 5.710 GC heap after
Heap after GC invocations=3 (full 1):
 PSYoungGen      total 76288K, used 377K [0x000000076b380000, 0x0000000772880000, 0x00000007c0000000)
  eden space 65536K, 0% used [0x000000076b380000,0x000000076b380000,0x000000076f380000)
  from space 10752K, 3% used [0x000000076fe00000,0x000000076fe5e478,0x0000000770880000)
  to   space 10752K, 0% used [0x000000076f380000,0x000000076f380000,0x000000076fe00000)
 ParOldGen       total 128512K, used 8703K [0x00000006c1a00000, 0x00000006c9780000, 0x000000076b380000)
  object space 128512K, 6% used [0x00000006c1a00000,0x00000006c227fcb8,0x00000006c9780000)
 Metaspace       used 20696K, capacity 21438K, committed 21632K, reserved 1069056K
  class space    used 2723K, capacity 2917K, committed 2944K, reserved 1048576K
}
Event: 5.731 GC heap before
{Heap before GC invocations=4 (full 1):
 PSYoungGen      total 76288K, used 65834K [0x000000076b380000, 0x0000000772880000, 0x00000007c0000000)
  eden space 65536K, 99% used [0x000000076b380000,0x000000076f36c760,0x000000076f380000)
  from space 10752K, 3% used [0x000000076fe00000,0x000000076fe5e478,0x0000000770880000)
  to   space 10752K, 0% used [0x000000076f380000,0x000000076f380000,0x000000076fe00000)
 ParOldGen       total 128512K, used 8703K [0x00000006c1a00000, 0x00000006c9780000, 0x000000076b380000)
  object space 128512K, 6% used [0x00000006c1a00000,0x00000006c227fcb8,0x00000006c9780000)
 Metaspace       used 20696K, capacity 21438K, committed 21632K, reserved 1069056K
  class space    used 2723K, capacity 2917K, committed 2944K, reserved 1048576K
Event: 5.732 GC heap after
Heap after GC invocations=4 (full 1):
 PSYoungGen      total 76288K, used 402K [0x000000076b380000, 0x0000000773400000, 0x00000007c0000000)
  eden space 65536K, 0% used [0x000000076b380000,0x000000076b380000,0x000000076f380000)
  from space 10752K, 3% used [0x000000076f380000,0x000000076f3e4930,0x000000076fe00000)
  to   space 10752K, 0% used [0x0000000772980000,0x0000000772980000,0x0000000773400000)
 ParOldGen       total 128512K, used 8703K [0x00000006c1a00000, 0x00000006c9780000, 0x000000076b380000)
  object space 128512K, 6% used [0x00000006c1a00000,0x00000006c227fcb8,0x00000006c9780000)
 Metaspace       used 20696K, capacity 21438K, committed 21632K, reserved 1069056K
  class space    used 2723K, capacity 2917K, committed 2944K, reserved 1048576K
}
Event: 5.749 GC heap before
{Heap before GC invocations=5 (full 1):
 PSYoungGen      total 76288K, used 65773K [0x000000076b380000, 0x0000000773400000, 0x00000007c0000000)
  eden space 65536K, 99% used [0x000000076b380000,0x000000076f356cf0,0x000000076f380000)
  from space 10752K, 3% used [0x000000076f380000,0x000000076f3e4930,0x000000076fe00000)
  to   space 10752K, 0% used [0x0000000772980000,0x0000000772980000,0x0000000773400000)
 ParOldGen       total 128512K, used 8703K [0x00000006c1a00000, 0x00000006c9780000, 0x000000076b380000)
  object space 128512K, 6% used [0x00000006c1a00000,0x00000006c227fcb8,0x00000006c9780000)
 Metaspace       used 20696K, capacity 21438K, committed 21632K, reserved 1069056K
  class space    used 2723K, capacity 2917K, committed 2944K, reserved 1048576K
Event: 5.750 GC heap after
Heap after GC invocations=5 (full 1):
 PSYoungGen      total 120832K, used 629K [0x000000076b380000, 0x0000000773880000, 0x00000007c0000000)
  eden space 110080K, 0% used [0x000000076b380000,0x000000076b380000,0x0000000771f00000)
  from space 10752K, 5% used [0x0000000772980000,0x0000000772a1d720,0x0000000773400000)
  to   space 10752K, 0% used [0x0000000771f00000,0x0000000771f00000,0x0000000772980000)
 ParOldGen       total 128512K, used 8703K [0x00000006c1a00000, 0x00000006c9780000, 0x000000076b380000)
  object space 128512K, 6% used [0x00000006c1a00000,0x00000006c227fcb8,0x00000006c9780000)
 Metaspace       used 20696K, capacity 21438K, committed 21632K, reserved 1069056K
  class space    used 2723K, capacity 2917K, committed 2944K, reserved 1048576K
}
Event: 6.965 GC heap before
{Heap before GC invocations=6 (full 1):
 PSYoungGen      total 120832K, used 110709K [0x000000076b380000, 0x0000000773880000, 0x00000007c0000000)
  eden space 110080K, 100% used [0x000000076b380000,0x0000000771f00000,0x0000000771f00000)
  from space 10752K, 5% used [0x0000000772980000,0x0000000772a1d720,0x0000000773400000)
  to   space 10752K, 0% used [0x0000000771f00000,0x0000000771f00000,0x0000000772980000)
 ParOldGen       total 128512K, used 8703K [0x00000006c1a00000, 0x00000006c9780000, 0x000000076b380000)
  object space 128512K, 6% used [0x00000006c1a00000,0x00000006c227fcb8,0x00000006c9780000)
 Metaspace       used 23178K, capacity 24070K, committed 24320K, reserved 1071104K
  class space    used 3046K, capacity 3279K, committed 3328K, reserved 1048576K
Event: 6.973 GC heap after
Heap after GC invocations=6 (full 1):
 PSYoungGen      total 120832K, used 4920K [0x000000076b380000, 0x0000000777d80000, 0x00000007c0000000)
  eden space 110080K, 0% used [0x000000076b380000,0x000000076b380000,0x0000000771f00000)
  from space 10752K, 45% used [0x0000000771f00000,0x00000007723ce1d8,0x0000000772980000)
  to   space 9728K, 0% used [0x0000000777400000,0x0000000777400000,0x0000000777d80000)
 ParOldGen       total 128512K, used 8711K [0x00000006c1a00000, 0x00000006c9780000, 0x000000076b380000)
  object space 128512K, 6% used [0x00000006c1a00000,0x00000006c2281cb8,0x00000006c9780000)
 Metaspace       used 23178K, capacity 24070K, committed 24320K, reserved 1071104K
  class space    used 3046K, capacity 3279K, committed 3328K, reserved 1048576K
}
Event: 9.259 GC heap before
{Heap before GC invocations=7 (full 1):
 PSYoungGen      total 120832K, used 114440K [0x000000076b380000, 0x0000000777d80000, 0x00000007c0000000)
  eden space 110080K, 99% used [0x000000076b380000,0x0000000771e73ef0,0x0000000771f00000)
  from space 10752K, 45% used [0x0000000771f00000,0x00000007723ce1d8,0x0000000772980000)
  to   space 9728K, 0% used [0x0000000777400000,0x0000000777400000,0x0000000777d80000)
 ParOldGen       total 128512K, used 8711K [0x00000006c1a00000, 0x00000006c9780000, 0x000000076b380000)
  object space 128512K, 6% used [0x00000006c1a00000,0x00000006c2281cb8,0x00000006c9780000)
 Metaspace       used 23881K, capacity 24794K, committed 24832K, reserved 1071104K
  class space    used 3069K, capacity 3293K, committed 3328K, reserved 1048576K
Event: 9.274 GC heap after
Heap after GC invocations=7 (full 1):
 PSYoungGen      total 183296K, used 9721K [0x000000076b380000, 0x0000000779400000, 0x00000007c0000000)
  eden space 173568K, 0% used [0x000000076b380000,0x000000076b380000,0x0000000775d00000)
  from space 9728K, 99% used [0x0000000777400000,0x0000000777d7e6b8,0x0000000777d80000)
  to   space 23552K, 0% used [0x0000000775d00000,0x0000000775d00000,0x0000000777400000)
 ParOldGen       total 128512K, used 28102K [0x00000006c1a00000, 0x00000006c9780000, 0x000000076b380000)
  object space 128512K, 21% used [0x00000006c1a00000,0x00000006c3571910,0x00000006c9780000)
 Metaspace       used 23881K, capacity 24794K, committed 24832K, reserved 1071104K
  class space    used 3069K, capacity 3293K, committed 3328K, reserved 1048576K
}

